0 verbose cli C:\Program Files\nodejs\node.exe C:\npm-global\node_modules\npm\bin\npm-cli.js
1 info using npm@10.9.0
2 info using node@v20.11.0
3 silly config load:file:C:\npm-global\node_modules\npm\npmrc
4 silly config load:file:c:\Users\user\pw2if31\React\.npmrc
5 silly config load:file:C:\Users\user\.npmrc
6 silly config load:file:C:\npm-global\etc\npmrc
7 verbose title npm view eslint-config-next description dist-tags.latest homepage version time
8 verbose argv "view" "--json" "--" "eslint-config-next" "description" "dist-tags.latest" "homepage" "version" "time"
9 verbose logfile logs-max:10 dir:C:\Users\user\pw2if31\React\UsersuserAppDataRoamingnpm-cache\_logs\2024-10-21T12_35_36_129Z-
10 verbose logfile C:\Users\user\pw2if31\React\UsersuserAppDataRoamingnpm-cache\_logs\2024-10-21T12_35_36_129Z-debug-0.log
11 silly logfile start cleaning logs, removing 2 files
12 silly logfile done cleaning log files
13 http fetch GET 200 https://registry.npmjs.org/eslint-config-next 741ms (cache miss)
14 verbose cwd c:\Users\user\pw2if31\React
15 verbose os Windows_NT 10.0.22631
16 verbose node v20.11.0
17 verbose npm  v10.9.0
18 verbose exit 0
19 info ok
